# JRE version: OpenJDK Runtime Environment (17.0.6) (build 17.0.6+0-b2043.56-10027231)
# Java VM: OpenJDK 64-Bit Server VM (17.0.6+0-b2043.56-10027231, mixed mode, tiered, compressed oops, compressed class ptrs, g1 gc, windows-amd64)
GC Precious Log:
 CPUs: 2 total, 2 available
 Memory: 3552M
 Large Page Support: Disabled
 NUMA Support: Disabled
 Compressed Oops: Enabled (32-bit)
 Heap Region Size: 1M
 Heap Min Capacity: 8M
 Heap Initial Capacity: 56M
 Heap Max Capacity: 2G
 Pre-touch: Disabled
 Parallel Workers: 2
 Concurrent Workers: 1
 Concurrent Refinement Workers: 2
 Periodic GC: Disabled
Heap:
 garbage-first heap   total 537600K, used 307200K [0x0000000080000000, 0x0000000100000000)
  region size 1024K, 4 young (4096K), 4 survivors (4096K)
 Metaspace       used 181766K, committed 183040K, reserved 1212416K
  class space    used 23458K, committed 24064K, reserved 1048576K
GC Heap History (20 events):
Event: 373.981 GC heap after
{Heap after GC invocations=143 (full 0):
 garbage-first heap   total 537600K, used 248536K [0x0000000080000000, 0x0000000100000000)
  region size 1024K, 12 young (12288K), 12 survivors (12288K)
 Metaspace       used 163990K, committed 164928K, reserved 1196032K
  class space    used 21311K, committed 21760K, reserved 1048576K
}
Event: 377.559 GC heap before
{Heap before GC invocations=143 (full 0):
 garbage-first heap   total 537600K, used 312024K [0x0000000080000000, 0x0000000100000000)
  region size 1024K, 72 young (73728K), 12 survivors (12288K)
 Metaspace       used 168561K, committed 169472K, reserved 1204224K
  class space    used 21979K, committed 22400K, reserved 1048576K
}
Event: 377.674 GC heap after
{Heap after GC invocations=144 (full 0):
 garbage-first heap   total 537600K, used 253952K [0x0000000080000000, 0x0000000100000000)
  region size 1024K, 3 young (3072K), 3 survivors (3072K)
 Metaspace       used 168561K, committed 169472K, reserved 1204224K
  class space    used 21979K, committed 22400K, reserved 1048576K
}
Event: 381.772 GC heap before
{Heap before GC invocations=144 (full 0):
 garbage-first heap   total 537600K, used 443392K [0x0000000080000000, 0x0000000100000000)
  region size 1024K, 186 young (190464K), 3 survivors (3072K)
 Metaspace       used 169031K, committed 169984K, reserved 1204224K
  class space    used 22006K, committed 22464K, reserved 1048576K
}
Event: 381.794 GC heap after
{Heap after GC invocations=145 (full 0):
 garbage-first heap   total 537600K, used 256000K [0x0000000080000000, 0x0000000100000000)
  region size 1024K, 5 young (5120K), 5 survivors (5120K)
 Metaspace       used 169031K, committed 169984K, reserved 1204224K
  class space    used 22006K, committed 22464K, reserved 1048576K
}
Event: 390.518 GC heap before
{Heap before GC invocations=145 (full 0):
 garbage-first heap   total 537600K, used 448512K [0x0000000080000000, 0x0000000100000000)
  region size 1024K, 193 young (197632K), 5 survivors (5120K)
 Metaspace       used 172394K, committed 173248K, reserved 1204224K
  class space    used 22320K, committed 22720K, reserved 1048576K
}
Event: 390.580 GC heap after
{Heap after GC invocations=146 (full 0):
 garbage-first heap   total 537600K, used 253404K [0x0000000080000000, 0x0000000100000000)
  region size 1024K, 5 young (5120K), 5 survivors (5120K)
 Metaspace       used 172394K, committed 173248K, reserved 1204224K
  class space    used 22320K, committed 22720K, reserved 1048576K
}
Event: 415.225 GC heap before
{Heap before GC invocations=146 (full 0):
 garbage-first heap   total 537600K, used 453084K [0x0000000080000000, 0x0000000100000000)
  region size 1024K, 200 young (204800K), 5 survivors (5120K)
 Metaspace       used 178907K, committed 180096K, reserved 1212416K
  class space    used 23106K, committed 23680K, reserved 1048576K
}
Event: 415.450 GC heap after
{Heap after GC invocations=147 (full 0):
 garbage-first heap   total 537600K, used 267070K [0x0000000080000000, 0x0000000100000000)
  region size 1024K, 18 young (18432K), 18 survivors (18432K)
 Metaspace       used 178907K, committed 180096K, reserved 1212416K
  class space    used 23106K, committed 23680K, reserved 1048576K
}
Event: 416.404 GC heap before
{Heap before GC invocations=147 (full 0):
 garbage-first heap   total 537600K, used 279358K [0x0000000080000000, 0x0000000100000000)
  region size 1024K, 31 young (31744K), 18 survivors (18432K)
 Metaspace       used 180412K, committed 181568K, reserved 1212416K
  class space    used 23317K, committed 23872K, reserved 1048576K
}
Event: 416.565 GC heap after
{Heap after GC invocations=148 (full 0):
 garbage-first heap   total 537600K, used 268877K [0x0000000080000000, 0x0000000100000000)
  region size 1024K, 2 young (2048K), 2 survivors (2048K)
 Metaspace       used 180412K, committed 181568K, reserved 1212416K
  class space    used 23317K, committed 23872K, reserved 1048576K
}
Event: 5577.611 GC heap before
{Heap before GC invocations=148 (full 0):
 garbage-first heap   total 537600K, used 465484K [0x0000000080000000, 0x0000000100000000)
  region size 1024K, 185 young (189440K), 2 survivors (2048K)
 Metaspace       used 181653K, committed 182848K, reserved 1212416K
  class space    used 23449K, committed 24000K, reserved 1048576K
}
Event: 5578.117 GC heap after
{Heap after GC invocations=149 (full 0):
 garbage-first heap   total 537600K, used 284142K [0x0000000080000000, 0x0000000100000000)
  region size 1024K, 7 young (7168K), 7 survivors (7168K)
 Metaspace       used 181653K, committed 182848K, reserved 1212416K
  class space    used 23449K, committed 24000K, reserved 1048576K
}
Event: 5578.468 GC heap before
{Heap before GC invocations=149 (full 0):
 garbage-first heap   total 537600K, used 303598K [0x0000000080000000, 0x0000000100000000)
  region size 1024K, 26 young (26624K), 7 survivors (7168K)
 Metaspace       used 181653K, committed 182848K, reserved 1212416K
  class space    used 23449K, committed 24000K, reserved 1048576K
}
Event: 5578.618 GC heap after
{Heap after GC invocations=150 (full 0):
 garbage-first heap   total 537600K, used 289634K [0x0000000080000000, 0x0000000100000000)
  region size 1024K, 4 young (4096K), 4 survivors (4096K)
 Metaspace       used 181653K, committed 182848K, reserved 1212416K
  class space    used 23449K, committed 24000K, reserved 1048576K
}
Event: 5579.143 GC heap before
{Heap before GC invocations=150 (full 0):
 garbage-first heap   total 537600K, used 312162K [0x0000000080000000, 0x0000000100000000)
  region size 1024K, 26 young (26624K), 4 survivors (4096K)
 Metaspace       used 181663K, committed 182848K, reserved 1212416K
  class space    used 23449K, committed 24000K, reserved 1048576K
}
Event: 5579.312 GC heap after
{Heap after GC invocations=151 (full 0):
 garbage-first heap   total 537600K, used 293376K [0x0000000080000000, 0x0000000100000000)
  region size 1024K, 4 young (4096K), 4 survivors (4096K)
 Metaspace       used 181663K, committed 182848K, reserved 1212416K
  class space    used 23449K, committed 24000K, reserved 1048576K
}
Event: 5579.938 GC heap before
{Heap before GC invocations=151 (full 0):
 garbage-first heap   total 537600K, used 314880K [0x0000000080000000, 0x0000000100000000)
  region size 1024K, 26 young (26624K), 4 survivors (4096K)
 Metaspace       used 181665K, committed 182848K, reserved 1212416K
  class space    used 23449K, committed 24000K, reserved 1048576K
}
Event: 5580.000 GC heap after
{Heap after GC invocations=152 (full 0):
 garbage-first heap   total 537600K, used 301056K [0x0000000080000000, 0x0000000100000000)
  region size 1024K, 4 young (4096K), 4 survivors (4096K)
 Metaspace       used 181665K, committed 182848K, reserved 1212416K
  class space    used 23449K, committed 24000K, reserved 1048576K
}
Event: 5580.812 GC heap before
{Heap before GC invocations=152 (full 0):
 garbage-first heap   total 537600K, used 323584K [0x0000000080000000, 0x0000000100000000)
  region size 1024K, 26 young (26624K), 4 survivors (4096K)
 Metaspace       used 181766K, committed 183040K, reserved 1212416K
  class space    used 23458K, committed 24064K, reserved 1048576K
}

